<?xml version="1.0" encoding="UTF-8"?>
<!-- Generated by org.testng.reporters.JUnitXMLReporter -->
<testsuite hostname="CH-LT-017" ignored="0" name="Trident" tests="4" failures="0" timestamp="20 Aug 2019 05:19:42 GMT" time="13.489" errors="0">
  <testcase name="placeHolderValueGetText" time="0.283" classname="com.trident.tests.TridentPagesTests"/>
  <testcase name="placeHolderValueTest" time="0.04" classname="com.trident.tests.TridentPagesTests"/>
  <testcase name="tabsListsGetText" time="0.546" classname="com.trident.tests.TridentPagesTests"/>
  <testcase name="totalNumResources" time="0.266" classname="com.trident.tests.TridentPagesTests"/>
</testsuite> <!-- Trident -->
