<?xml version="1.0" encoding="UTF-8"?>
<!-- Generated by org.testng.reporters.JUnitXMLReporter -->
<testsuite hostname="CH-LT-017" ignored="0" name="Default test" tests="4" failures="0" timestamp="17 Aug 2019 07:19:30 GMT" time="10.48" errors="0">
  <testcase name="placeHolderValueGetText" time="0.069" classname="com.trident.tests.TridentPagesTests"/>
  <testcase name="placeHolderValueTest" time="0.032" classname="com.trident.tests.TridentPagesTests"/>
  <testcase name="tabsListsGetText" time="0.476" classname="com.trident.tests.TridentPagesTests"/>
  <testcase name="totalNumResources" time="0.271" classname="com.trident.tests.TridentPagesTests"/>
</testsuite> <!-- Default test -->
